2022-12-07 20:23:10.562  INFO 43564 --- [main] spring.SimpleWebApp                      : Starting SimpleWebApp using Java 1.8.0_202 on LAPTOP-T590 with PID 43564 (C:\Users\lamp\HelloSpring\lesson36\target\classes started by lamp in C:\Users\lamp\HelloSpring\lesson36)
2022-12-07 20:23:10.574  INFO 43564 --- [main] spring.SimpleWebApp                      : No active profile set, falling back to 1 default profile: "default"
2022-12-07 20:23:12.179  INFO 43564 --- [main] .s.d.r.c.RepositoryConfigurationDelegate : Bootstrapping Spring Data JPA repositories in DEFAULT mode.
2022-12-07 20:23:12.266  INFO 43564 --- [main] .s.d.r.c.RepositoryConfigurationDelegate : Finished Spring Data repository scanning in 71 ms. Found 1 JPA repository interfaces.
2022-12-07 20:23:13.789  INFO 43564 --- [main] o.s.b.w.embedded.tomcat.TomcatWebServer  : Tomcat initialized with port(s): 8090 (http)
2022-12-07 20:23:13.802  INFO 43564 --- [main] o.apache.catalina.core.StandardService   : Starting service [Tomcat]
2022-12-07 20:23:13.803  INFO 43564 --- [main] org.apache.catalina.core.StandardEngine  : Starting Servlet engine: [Apache Tomcat/9.0.68]
2022-12-07 20:23:14.083  INFO 43564 --- [main] o.a.c.c.C.[Tomcat].[localhost].[/]       : Initializing Spring embedded WebApplicationContext
2022-12-07 20:23:14.083  INFO 43564 --- [main] w.s.c.ServletWebServerApplicationContext : Root WebApplicationContext: initialization completed in 3334 ms
2022-12-07 20:23:14.351  INFO 43564 --- [main] com.zaxxer.hikari.HikariDataSource       : HikariPool-1 - Starting...
2022-12-07 20:23:14.602  INFO 43564 --- [main] com.zaxxer.hikari.HikariDataSource       : HikariPool-1 - Start completed.
2022-12-07 20:23:14.850  INFO 43564 --- [main] liquibase.database                       : Set default schema name to public
2022-12-07 20:23:15.008  INFO 43564 --- [main] liquibase.lockservice                    : Successfully acquired change log lock
2022-12-07 20:23:15.030  INFO 43564 --- [main] liquibase.lockservice                    : Successfully released change log lock
2022-12-07 20:23:15.042  WARN 43564 --- [main] ConfigServletWebServerApplicationContext : Exception encountered during context initialization - cancelling refresh attempt: org.springframework.beans.factory.BeanCreationException: Error creating bean with name 'liquibase' defined in class path resource [org/springframework/boot/autoconfigure/liquibase/LiquibaseAutoConfiguration$LiquibaseConfiguration.class]: Invocation of init method failed; nested exception is liquibase.exception.ChangeLogParseException: classpath:/db/changelog/db.changelog-master.yaml does not exist
2022-12-07 20:23:15.043  INFO 43564 --- [main] com.zaxxer.hikari.HikariDataSource       : HikariPool-1 - Shutdown initiated...
2022-12-07 20:23:15.081  INFO 43564 --- [main] com.zaxxer.hikari.HikariDataSource       : HikariPool-1 - Shutdown completed.
2022-12-07 20:23:15.086  INFO 43564 --- [main] o.apache.catalina.core.StandardService   : Stopping service [Tomcat]
2022-12-07 20:23:15.105  INFO 43564 --- [main] ConditionEvaluationReportLoggingListener : 

Error starting ApplicationContext. To display the conditions report re-run your application with 'debug' enabled.
2022-12-07 20:23:15.145 ERROR 43564 --- [main] o.s.b.d.LoggingFailureAnalysisReporter   : 

***************************
APPLICATION FAILED TO START
***************************

Description:

Liquibase failed to start because no changelog could be found at 'classpath:/db/changelog/db.changelog-master.yaml'.

Action:

Make sure a Liquibase changelog is present at the configured path.

2022-12-07 20:26:05.164  INFO 49024 --- [main] spring.SimpleWebApp                      : Starting SimpleWebApp using Java 1.8.0_202 on LAPTOP-T590 with PID 49024 (C:\Users\lamp\HelloSpring\lesson36\target\classes started by lamp in C:\Users\lamp\HelloSpring\lesson36)
2022-12-07 20:26:05.170  INFO 49024 --- [main] spring.SimpleWebApp                      : No active profile set, falling back to 1 default profile: "default"
2022-12-07 20:26:06.666  INFO 49024 --- [main] .s.d.r.c.RepositoryConfigurationDelegate : Bootstrapping Spring Data JPA repositories in DEFAULT mode.
2022-12-07 20:26:06.758  INFO 49024 --- [main] .s.d.r.c.RepositoryConfigurationDelegate : Finished Spring Data repository scanning in 73 ms. Found 1 JPA repository interfaces.
2022-12-07 20:26:08.387  INFO 49024 --- [main] o.s.b.w.embedded.tomcat.TomcatWebServer  : Tomcat initialized with port(s): 8090 (http)
2022-12-07 20:26:08.401  INFO 49024 --- [main] o.apache.catalina.core.StandardService   : Starting service [Tomcat]
2022-12-07 20:26:08.401  INFO 49024 --- [main] org.apache.catalina.core.StandardEngine  : Starting Servlet engine: [Apache Tomcat/9.0.68]
2022-12-07 20:26:08.667  INFO 49024 --- [main] o.a.c.c.C.[Tomcat].[localhost].[/]       : Initializing Spring embedded WebApplicationContext
2022-12-07 20:26:08.668  INFO 49024 --- [main] w.s.c.ServletWebServerApplicationContext : Root WebApplicationContext: initialization completed in 3361 ms
2022-12-07 20:26:08.939  INFO 49024 --- [main] com.zaxxer.hikari.HikariDataSource       : HikariPool-1 - Starting...
2022-12-07 20:26:09.189  INFO 49024 --- [main] com.zaxxer.hikari.HikariDataSource       : HikariPool-1 - Start completed.
2022-12-07 20:26:09.392  INFO 49024 --- [main] liquibase.database                       : Set default schema name to public
2022-12-07 20:26:09.519  INFO 49024 --- [main] liquibase.lockservice                    : Successfully acquired change log lock
2022-12-07 20:26:10.016  INFO 49024 --- [main] liquibase.changelog                      : Reading from public.databasechangelog
2022-12-07 20:26:10.078  INFO 49024 --- [main] liquibase.lockservice                    : Successfully released change log lock
2022-12-07 20:26:10.266  INFO 49024 --- [main] o.hibernate.jpa.internal.util.LogHelper  : HHH000204: Processing PersistenceUnitInfo [name: default]
2022-12-07 20:26:10.361  INFO 49024 --- [main] org.hibernate.Version                    : HHH000412: Hibernate ORM core version 5.6.12.Final
2022-12-07 20:26:10.686  INFO 49024 --- [main] o.hibernate.annotations.common.Version   : HCANN000001: Hibernate Commons Annotations {5.1.2.Final}
2022-12-07 20:26:10.914  INFO 49024 --- [main] org.hibernate.dialect.Dialect            : HHH000400: Using dialect: org.hibernate.dialect.PostgreSQL10Dialect
2022-12-07 20:26:11.826  INFO 49024 --- [main] o.h.e.t.j.p.i.JtaPlatformInitiator       : HHH000490: Using JtaPlatform implementation: [org.hibernate.engine.transaction.jta.platform.internal.NoJtaPlatform]
2022-12-07 20:26:11.839  INFO 49024 --- [main] j.LocalContainerEntityManagerFactoryBean : Initialized JPA EntityManagerFactory for persistence unit 'default'
2022-12-07 20:26:12.683  WARN 49024 --- [main] JpaBaseConfiguration$JpaWebConfiguration : spring.jpa.open-in-view is enabled by default. Therefore, database queries may be performed during view rendering. Explicitly configure spring.jpa.open-in-view to disable this warning
2022-12-07 20:26:14.479  WARN 49024 --- [main] ion$DefaultTemplateResolverConfiguration : Cannot find template location: classpath:/templates/ (please add some templates, check your Thymeleaf configuration, or set spring.thymeleaf.check-template-location=false)
2022-12-07 20:26:14.700  INFO 49024 --- [main] o.s.b.w.embedded.tomcat.TomcatWebServer  : Tomcat started on port(s): 8090 (http) with context path ''
2022-12-07 20:26:14.720  INFO 49024 --- [main] spring.SimpleWebApp                      : Started SimpleWebApp in 10.339 seconds (JVM running for 11.457)
2022-12-07 20:26:30.616  INFO 49024 --- [http-nio-8090-exec-2] o.a.c.c.C.[Tomcat].[localhost].[/]       : Initializing Spring DispatcherServlet 'dispatcherServlet'
2022-12-07 20:26:30.617  INFO 49024 --- [http-nio-8090-exec-2] o.s.web.servlet.DispatcherServlet        : Initializing Servlet 'dispatcherServlet'
2022-12-07 20:26:30.618  INFO 49024 --- [http-nio-8090-exec-2] o.s.web.servlet.DispatcherServlet        : Completed initialization in 1 ms
2022-12-07 20:26:31.545  INFO 49024 --- [http-nio-8090-exec-10] o.springdoc.api.AbstractOpenApiResource  : Init duration for springdoc-openapi is: 368 ms
