2022-11-16 20:44:12.557  INFO 25904 --- [main] spring.SimpleWebApp                      : Starting SimpleWebApp using Java 1.8.0_202 on LAPTOP-T590 with PID 25904 (C:\Users\lamp\HelloSpring\lesson33\target\classes started by lamp in C:\Users\lamp\HelloSpring\lesson33)
2022-11-16 20:44:12.561  INFO 25904 --- [main] spring.SimpleWebApp                      : No active profile set, falling back to 1 default profile: "default"
2022-11-16 20:44:13.933  INFO 25904 --- [main] .s.d.r.c.RepositoryConfigurationDelegate : Bootstrapping Spring Data JPA repositories in DEFAULT mode.
2022-11-16 20:44:14.048  INFO 25904 --- [main] .s.d.r.c.RepositoryConfigurationDelegate : Finished Spring Data repository scanning in 91 ms. Found 1 JPA repository interfaces.
2022-11-16 20:44:15.895  INFO 25904 --- [main] o.s.b.w.embedded.tomcat.TomcatWebServer  : Tomcat initialized with port(s): 8090 (http)
2022-11-16 20:44:15.914  INFO 25904 --- [main] o.apache.catalina.core.StandardService   : Starting service [Tomcat]
2022-11-16 20:44:15.914  INFO 25904 --- [main] org.apache.catalina.core.StandardEngine  : Starting Servlet engine: [Apache Tomcat/9.0.68]
2022-11-16 20:44:16.213  INFO 25904 --- [main] o.a.c.c.C.[Tomcat].[localhost].[/]       : Initializing Spring embedded WebApplicationContext
2022-11-16 20:44:16.213  INFO 25904 --- [main] w.s.c.ServletWebServerApplicationContext : Root WebApplicationContext: initialization completed in 3570 ms
2022-11-16 20:44:16.482  INFO 25904 --- [main] com.zaxxer.hikari.HikariDataSource       : HikariPool-1 - Starting...
2022-11-16 20:44:16.837  INFO 25904 --- [main] com.zaxxer.hikari.HikariDataSource       : HikariPool-1 - Start completed.
2022-11-16 20:44:17.143  INFO 25904 --- [main] liquibase.database                       : Set default schema name to public
2022-11-16 20:44:17.324  INFO 25904 --- [main] liquibase.lockservice                    : Successfully acquired change log lock
2022-11-16 20:44:17.942  INFO 25904 --- [main] liquibase.changelog                      : Reading from public.databasechangelog
2022-11-16 20:44:17.997  INFO 25904 --- [main] liquibase.lockservice                    : Successfully released change log lock
2022-11-16 20:44:18.204  INFO 25904 --- [main] o.hibernate.jpa.internal.util.LogHelper  : HHH000204: Processing PersistenceUnitInfo [name: default]
2022-11-16 20:44:18.310  INFO 25904 --- [main] org.hibernate.Version                    : HHH000412: Hibernate ORM core version 5.6.12.Final
2022-11-16 20:44:18.580  INFO 25904 --- [main] o.hibernate.annotations.common.Version   : HCANN000001: Hibernate Commons Annotations {5.1.2.Final}
2022-11-16 20:44:18.782  INFO 25904 --- [main] org.hibernate.dialect.Dialect            : HHH000400: Using dialect: org.hibernate.dialect.PostgreSQL10Dialect
2022-11-16 20:44:19.886  INFO 25904 --- [main] o.h.e.t.j.p.i.JtaPlatformInitiator       : HHH000490: Using JtaPlatform implementation: [org.hibernate.engine.transaction.jta.platform.internal.NoJtaPlatform]
2022-11-16 20:44:19.906  INFO 25904 --- [main] j.LocalContainerEntityManagerFactoryBean : Initialized JPA EntityManagerFactory for persistence unit 'default'
2022-11-16 20:44:20.701  WARN 25904 --- [main] JpaBaseConfiguration$JpaWebConfiguration : spring.jpa.open-in-view is enabled by default. Therefore, database queries may be performed during view rendering. Explicitly configure spring.jpa.open-in-view to disable this warning
2022-11-16 20:44:20.969  INFO 25904 --- [main] o.s.b.a.w.s.WelcomePageHandlerMapping    : Adding welcome page template: index
2022-11-16 20:44:21.309  INFO 25904 --- [main] o.s.b.w.embedded.tomcat.TomcatWebServer  : Tomcat started on port(s): 8090 (http) with context path ''
2022-11-16 20:44:21.325  INFO 25904 --- [main] spring.SimpleWebApp                      : Started SimpleWebApp in 9.559 seconds (JVM running for 10.287)
2022-11-16 20:44:56.772  INFO 25904 --- [http-nio-8090-exec-1] o.a.c.c.C.[Tomcat].[localhost].[/]       : Initializing Spring DispatcherServlet 'dispatcherServlet'
2022-11-16 20:44:56.773  INFO 25904 --- [http-nio-8090-exec-1] o.s.web.servlet.DispatcherServlet        : Initializing Servlet 'dispatcherServlet'
2022-11-16 20:44:56.774  INFO 25904 --- [http-nio-8090-exec-1] o.s.web.servlet.DispatcherServlet        : Completed initialization in 1 ms
2022-11-16 20:45:05.980  INFO 25904 --- [http-nio-8090-exec-3] spring.service.PersonService             : Updated person {id=4, firstName='Test', lastName='PersonUpdate'}
2022-11-16 20:45:21.621  INFO 25904 --- [http-nio-8090-exec-4] spring.service.PersonService             : Removed person {id=4, firstName='Test', lastName='PersonUpdate'}
2022-11-16 21:01:39.615  INFO 25904 --- [SpringApplicationShutdownHook] j.LocalContainerEntityManagerFactoryBean : Closing JPA EntityManagerFactory for persistence unit 'default'
2022-11-16 21:01:39.618  INFO 25904 --- [SpringApplicationShutdownHook] com.zaxxer.hikari.HikariDataSource       : HikariPool-1 - Shutdown initiated...
2022-11-16 21:01:39.626  INFO 25904 --- [SpringApplicationShutdownHook] com.zaxxer.hikari.HikariDataSource       : HikariPool-1 - Shutdown completed.
